Started GET "/" for 127.0.0.1 at 2017-08-26 02:30:34 -0400
  
ActiveRecord::PendingMigrationError (

Migrations are pending. To resolve this issue, run:

        bin/rails db:migrate RAILS_ENV=development

):
  
activerecord (5.0.3) lib/active_record/migration.rb:573:in `check_pending!'
activerecord (5.0.3) lib/active_record/migration.rb:549:in `call'
actionpack (5.0.3) lib/action_dispatch/middleware/callbacks.rb:38:in `block in call'
activesupport (5.0.3) lib/active_support/callbacks.rb:97:in `__run_callbacks__'
activesupport (5.0.3) lib/active_support/callbacks.rb:750:in `_run_call_callbacks'
activesupport (5.0.3) lib/active_support/callbacks.rb:90:in `run_callbacks'
actionpack (5.0.3) lib/action_dispatch/middleware/callbacks.rb:36:in `call'
actionpack (5.0.3) lib/action_dispatch/middleware/executor.rb:12:in `call'
actionpack (5.0.3) lib/action_dispatch/middleware/remote_ip.rb:79:in `call'
actionpack (5.0.3) lib/action_dispatch/middleware/debug_exceptions.rb:49:in `call'
web-console (3.5.1) lib/web_console/middleware.rb:135:in `call_app'
web-console (3.5.1) lib/web_console/middleware.rb:28:in `block in call'
web-console (3.5.1) lib/web_console/middleware.rb:18:in `catch'
web-console (3.5.1) lib/web_console/middleware.rb:18:in `call'
actionpack (5.0.3) lib/action_dispatch/middleware/show_exceptions.rb:31:in `call'
railties (5.0.3) lib/rails/rack/logger.rb:36:in `call_app'
railties (5.0.3) lib/rails/rack/logger.rb:24:in `block in call'
activesupport (5.0.3) lib/active_support/tagged_logging.rb:69:in `block in tagged'
activesupport (5.0.3) lib/active_support/tagged_logging.rb:26:in `tagged'
activesupport (5.0.3) lib/active_support/tagged_logging.rb:69:in `tagged'
railties (5.0.3) lib/rails/rack/logger.rb:24:in `call'
sprockets-rails (3.2.0) lib/sprockets/rails/quiet_assets.rb:13:in `call'
actionpack (5.0.3) lib/action_dispatch/middleware/request_id.rb:24:in `call'
rack (2.0.3) lib/rack/method_override.rb:22:in `call'
rack (2.0.3) lib/rack/runtime.rb:22:in `call'
activesupport (5.0.3) lib/active_support/cache/strategy/local_cache_middleware.rb:28:in `call'
actionpack (5.0.3) lib/action_dispatch/middleware/executor.rb:12:in `call'
actionpack (5.0.3) lib/action_dispatch/middleware/static.rb:136:in `call'
rack (2.0.3) lib/rack/sendfile.rb:111:in `call'
rack-cors (0.4.1) lib/rack/cors.rb:81:in `call'
railties (5.0.3) lib/rails/engine.rb:522:in `call'
puma (3.9.1) lib/puma/configuration.rb:224:in `call'
puma (3.9.1) lib/puma/server.rb:602:in `handle_request'
puma (3.9.1) lib/puma/server.rb:435:in `process_client'
puma (3.9.1) lib/puma/server.rb:299:in `block in run'
puma (3.9.1) lib/puma/thread_pool.rb:120:in `block in spawn_thread'
  Rendering /Users/deusman/.rvm/gems/ruby-2.4.0/gems/actionpack-5.0.3/lib/action_dispatch/middleware/templates/rescues/diagnostics.html.erb within rescues/layout
  Rendering /Users/deusman/.rvm/gems/ruby-2.4.0/gems/actionpack-5.0.3/lib/action_dispatch/middleware/templates/rescues/_source.html.erb
  Rendered /Users/deusman/.rvm/gems/ruby-2.4.0/gems/actionpack-5.0.3/lib/action_dispatch/middleware/templates/rescues/_source.html.erb (1.9ms)
  Rendering /Users/deusman/.rvm/gems/ruby-2.4.0/gems/actionpack-5.0.3/lib/action_dispatch/middleware/templates/rescues/_trace.html.erb
  Rendered /Users/deusman/.rvm/gems/ruby-2.4.0/gems/actionpack-5.0.3/lib/action_dispatch/middleware/templates/rescues/_trace.html.erb (1.3ms)
  Rendering /Users/deusman/.rvm/gems/ruby-2.4.0/gems/actionpack-5.0.3/lib/action_dispatch/middleware/templates/rescues/_request_and_response.html.erb
  Rendered /Users/deusman/.rvm/gems/ruby-2.4.0/gems/actionpack-5.0.3/lib/action_dispatch/middleware/templates/rescues/_request_and_response.html.erb (0.7ms)
  Rendered /Users/deusman/.rvm/gems/ruby-2.4.0/gems/actionpack-5.0.3/lib/action_dispatch/middleware/templates/rescues/diagnostics.html.erb within rescues/layout (70.8ms)
  [1m[35m (6.5ms)[0m  [1m[35mCREATE TABLE "schema_migrations" ("version" varchar NOT NULL PRIMARY KEY)[0m
  [1m[35m (1.2ms)[0m  [1m[35mCREATE TABLE "ar_internal_metadata" ("key" varchar NOT NULL PRIMARY KEY, "value" varchar, "created_at" datetime NOT NULL, "updated_at" datetime NOT NULL)[0m
  [1m[36mActiveRecord::SchemaMigration Load (0.2ms)[0m  [1m[34mSELECT "schema_migrations".* FROM "schema_migrations"[0m
Migrating to DeviseCreateMembers (20170608151332)
  [1m[35m (0.1ms)[0m  [1m[36mbegin transaction[0m
  [1m[35m (0.4ms)[0m  [1m[35mCREATE TABLE "members" ("id" INTEGER PRIMARY KEY AUTOINCREMENT NOT NULL, "first_name" varchar, "last_name" varchar, "gender" varchar, "birthday" date, "vip_member" boolean DEFAULT 'f', "email" varchar DEFAULT '' NOT NULL, "encrypted_password" varchar DEFAULT '' NOT NULL, "reset_password_token" varchar, "reset_password_sent_at" datetime, "remember_created_at" datetime, "sign_in_count" integer DEFAULT 0 NOT NULL, "current_sign_in_at" datetime, "last_sign_in_at" datetime, "current_sign_in_ip" varchar, "last_sign_in_ip" varchar, "created_at" datetime NOT NULL, "updated_at" datetime NOT NULL)[0m
  [1m[35m (0.1ms)[0m  [1m[34mselect sqlite_version(*)[0m
  [1m[35m (0.1ms)[0m  [1m[35mCREATE UNIQUE INDEX "index_members_on_email" ON "members" ("email")[0m
  [1m[35m (0.0ms)[0m  [1m[34m            SELECT sql
            FROM sqlite_master
            WHERE name='index_members_on_email' AND type='index'
            UNION ALL
            SELECT sql
            FROM sqlite_temp_master
            WHERE name='index_members_on_email' AND type='index'
[0m
  [1m[35m (0.1ms)[0m  [1m[35mCREATE UNIQUE INDEX "index_members_on_reset_password_token" ON "members" ("reset_password_token")[0m
  [1m[35mSQL (0.1ms)[0m  [1m[32mINSERT INTO "schema_migrations" ("version") VALUES (?)[0m  [["version", "20170608151332"]]
  [1m[35m (0.8ms)[0m  [1m[36mcommit transaction[0m
Migrating to AddAuthenticationTokenToMembers (20170608184457)
  [1m[35m (0.6ms)[0m  [1m[36mbegin transaction[0m
  [1m[35m (0.3ms)[0m  [1m[35mALTER TABLE "members" ADD "authentication_token" varchar(30)[0m
  [1m[35m (0.0ms)[0m  [1m[34m            SELECT sql
            FROM sqlite_master
            WHERE name='index_members_on_reset_password_token' AND type='index'
            UNION ALL
            SELECT sql
            FROM sqlite_temp_master
            WHERE name='index_members_on_reset_password_token' AND type='index'
[0m
  [1m[35m (0.0ms)[0m  [1m[34m            SELECT sql
            FROM sqlite_master
            WHERE name='index_members_on_email' AND type='index'
            UNION ALL
            SELECT sql
            FROM sqlite_temp_master
            WHERE name='index_members_on_email' AND type='index'
[0m
  [1m[35m (0.1ms)[0m  [1m[35mCREATE UNIQUE INDEX "index_members_on_authentication_token" ON "members" ("authentication_token")[0m
  [1m[35mSQL (0.2ms)[0m  [1m[32mINSERT INTO "schema_migrations" ("version") VALUES (?)[0m  [["version", "20170608184457"]]
  [1m[35m (0.5ms)[0m  [1m[36mcommit transaction[0m
Migrating to RemoveColumn (20170608215830)
  [1m[35m (0.0ms)[0m  [1m[36mbegin transaction[0m
  [1m[35m (0.2ms)[0m  [1m[35mCREATE TEMPORARY TABLE "amembers" ("id" INTEGER PRIMARY KEY AUTOINCREMENT NOT NULL, "first_name" varchar, "last_name" varchar, "gender" varchar, "birthday" date, "vip_member" boolean DEFAULT 'f', "email" varchar DEFAULT '' NOT NULL, "encrypted_password" varchar DEFAULT '' NOT NULL, "reset_password_token" varchar, "reset_password_sent_at" datetime, "remember_created_at" datetime, "sign_in_count" integer DEFAULT 0 NOT NULL, "current_sign_in_at" datetime, "last_sign_in_at" datetime, "current_sign_in_ip" varchar, "last_sign_in_ip" varchar, "created_at" datetime NOT NULL, "updated_at" datetime NOT NULL, "authentication_token" varchar(30))[0m
  [1m[35m (0.0ms)[0m  [1m[34m            SELECT sql
            FROM sqlite_master
            WHERE name='index_members_on_authentication_token' AND type='index'
            UNION ALL
            SELECT sql
            FROM sqlite_temp_master
            WHERE name='index_members_on_authentication_token' AND type='index'
[0m
  [1m[35m (0.0ms)[0m  [1m[34m            SELECT sql
            FROM sqlite_master
            WHERE name='index_members_on_reset_password_token' AND type='index'
            UNION ALL
            SELECT sql
            FROM sqlite_temp_master
            WHERE name='index_members_on_reset_password_token' AND type='index'
[0m
  [1m[35m (0.6ms)[0m  [1m[34m            SELECT sql
            FROM sqlite_master
            WHERE name='index_members_on_email' AND type='index'
            UNION ALL
            SELECT sql
            FROM sqlite_temp_master
            WHERE name='index_members_on_email' AND type='index'
[0m
  [1m[35m (0.1ms)[0m  [1m[35mCREATE UNIQUE INDEX "tindex_amembers_on_authentication_token" ON "amembers" ("authentication_token")[0m
  [1m[35m (0.1ms)[0m  [1m[35mCREATE UNIQUE INDEX "tindex_amembers_on_reset_password_token" ON "amembers" ("reset_password_token")[0m
  [1m[35m (0.1ms)[0m  [1m[35mCREATE UNIQUE INDEX "tindex_amembers_on_email" ON "amembers" ("email")[0m
  [1m[35m (0.1ms)[0m  [1m[32mINSERT INTO "amembers" ("id","first_name","last_name","gender","birthday","vip_member","email","encrypted_password","reset_password_token","reset_password_sent_at","remember_created_at","sign_in_count","current_sign_in_at","last_sign_in_at","current_sign_in_ip","last_sign_in_ip","created_at","updated_at","authentication_token")
                     SELECT "id","first_name","last_name","gender","birthday","vip_member","email","encrypted_password","reset_password_token","reset_password_sent_at","remember_created_at","sign_in_count","current_sign_in_at","last_sign_in_at","current_sign_in_ip","last_sign_in_ip","created_at","updated_at","authentication_token" FROM "members"[0m
  [1m[35m (0.2ms)[0m  [1m[35mDROP TABLE "members"[0m
  [1m[35m (0.2ms)[0m  [1m[35mCREATE TABLE "members" ("id" INTEGER PRIMARY KEY AUTOINCREMENT NOT NULL, "first_name" varchar, "last_name" varchar, "gender" varchar, "birthday" date, "vip_member" boolean DEFAULT 'f', "email" varchar DEFAULT '' NOT NULL, "encrypted_password" varchar DEFAULT '' NOT NULL, "reset_password_token" varchar, "reset_password_sent_at" datetime, "remember_created_at" datetime, "sign_in_count" integer DEFAULT 0 NOT NULL, "current_sign_in_at" datetime, "last_sign_in_at" datetime, "current_sign_in_ip" varchar, "last_sign_in_ip" varchar, "created_at" datetime NOT NULL, "updated_at" datetime NOT NULL)[0m
  [1m[35m (0.0ms)[0m  [1m[34m            SELECT sql
            FROM sqlite_master
            WHERE name='tindex_amembers_on_email' AND type='index'
            UNION ALL
            SELECT sql
            FROM sqlite_temp_master
            WHERE name='tindex_amembers_on_email' AND type='index'
[0m
  [1m[35m (0.5ms)[0m  [1m[34m            SELECT sql
            FROM sqlite_master
            WHERE name='tindex_amembers_on_reset_password_token' AND type='index'
            UNION ALL
            SELECT sql
            FROM sqlite_temp_master
            WHERE name='tindex_amembers_on_reset_password_token' AND type='index'
[0m
  [1m[35m (0.0ms)[0m  [1m[34m            SELECT sql
            FROM sqlite_master
            WHERE name='tindex_amembers_on_authentication_token' AND type='index'
            UNION ALL
            SELECT sql
            FROM sqlite_temp_master
            WHERE name='tindex_amembers_on_authentication_token' AND type='index'
[0m
  [1m[35m (0.1ms)[0m  [1m[35mCREATE UNIQUE INDEX "index_members_on_email" ON "members" ("email")[0m
  [1m[35m (0.0ms)[0m  [1m[34m            SELECT sql
            FROM sqlite_master
            WHERE name='index_members_on_email' AND type='index'
            UNION ALL
            SELECT sql
            FROM sqlite_temp_master
            WHERE name='index_members_on_email' AND type='index'
[0m
  [1m[35m (0.1ms)[0m  [1m[35mCREATE UNIQUE INDEX "index_members_on_reset_password_token" ON "members" ("reset_password_token")[0m
  [1m[35m (0.1ms)[0m  [1m[32mINSERT INTO "members" ("id","first_name","last_name","gender","birthday","vip_member","email","encrypted_password","reset_password_token","reset_password_sent_at","remember_created_at","sign_in_count","current_sign_in_at","last_sign_in_at","current_sign_in_ip","last_sign_in_ip","created_at","updated_at")
                     SELECT "id","first_name","last_name","gender","birthday","vip_member","email","encrypted_password","reset_password_token","reset_password_sent_at","remember_created_at","sign_in_count","current_sign_in_at","last_sign_in_at","current_sign_in_ip","last_sign_in_ip","created_at","updated_at" FROM "amembers"[0m
  [1m[35m (0.1ms)[0m  [1m[35mDROP TABLE "amembers"[0m
  [1m[35mSQL (0.1ms)[0m  [1m[32mINSERT INTO "schema_migrations" ("version") VALUES (?)[0m  [["version", "20170608215830"]]
  [1m[35m (1.5ms)[0m  [1m[36mcommit transaction[0m
Migrating to CreateOrderStatuses (20170610164455)
  [1m[35m (0.1ms)[0m  [1m[36mbegin transaction[0m
  [1m[35m (0.5ms)[0m  [1m[35mCREATE TABLE "order_statuses" ("id" INTEGER PRIMARY KEY AUTOINCREMENT NOT NULL, "name" varchar, "created_at" datetime NOT NULL, "updated_at" datetime NOT NULL)[0m
  [1m[35mSQL (0.1ms)[0m  [1m[32mINSERT INTO "schema_migrations" ("version") VALUES (?)[0m  [["version", "20170610164455"]]
  [1m[35m (0.6ms)[0m  [1m[36mcommit transaction[0m
Migrating to CreateOrders (20170610165052)
  [1m[35m (0.1ms)[0m  [1m[36mbegin transaction[0m
  [1m[35m (0.4ms)[0m  [1m[35mCREATE TABLE "orders" ("id" INTEGER PRIMARY KEY AUTOINCREMENT NOT NULL, "member_id" integer, "order_status_id" integer, "subtotal" decimal(7,2), "tax" decimal(7,2), "shipping" decimal(7,2), "total" decimal(7,2), "created_at" datetime NOT NULL, "updated_at" datetime NOT NULL)[0m
  [1m[35m (0.1ms)[0m  [1m[35mCREATE  INDEX "index_orders_on_member_id" ON "orders" ("member_id")[0m
  [1m[35m (0.1ms)[0m  [1m[34m            SELECT sql
            FROM sqlite_master
            WHERE name='index_orders_on_member_id' AND type='index'
            UNION ALL
            SELECT sql
            FROM sqlite_temp_master
            WHERE name='index_orders_on_member_id' AND type='index'
[0m
  [1m[35m (0.1ms)[0m  [1m[35mCREATE  INDEX "index_orders_on_order_status_id" ON "orders" ("order_status_id")[0m
  [1m[35mSQL (0.1ms)[0m  [1m[32mINSERT INTO "schema_migrations" ("version") VALUES (?)[0m  [["version", "20170610165052"]]
  [1m[35m (0.9ms)[0m  [1m[36mcommit transaction[0m
Migrating to CreateOrderDetails (20170610165404)
  [1m[35m (0.0ms)[0m  [1m[36mbegin transaction[0m
  [1m[35m (0.2ms)[0m  [1m[35mCREATE TABLE "order_details" ("id" INTEGER PRIMARY KEY AUTOINCREMENT NOT NULL, "order_id" integer, "product_id" integer, "quantity" integer, "unit_price" decimal(7,2), "total" decimal(7,2), "created_at" datetime NOT NULL, "updated_at" datetime NOT NULL)[0m
  [1m[35m (0.1ms)[0m  [1m[35mCREATE  INDEX "index_order_details_on_order_id" ON "order_details" ("order_id")[0m
  [1m[35m (0.0ms)[0m  [1m[34m            SELECT sql
            FROM sqlite_master
            WHERE name='index_order_details_on_order_id' AND type='index'
            UNION ALL
            SELECT sql
            FROM sqlite_temp_master
            WHERE name='index_order_details_on_order_id' AND type='index'
[0m
  [1m[35m (0.1ms)[0m  [1m[35mCREATE  INDEX "index_order_details_on_product_id" ON "order_details" ("product_id")[0m
  [1m[35mSQL (0.1ms)[0m  [1m[32mINSERT INTO "schema_migrations" ("version") VALUES (?)[0m  [["version", "20170610165404"]]
  [1m[35m (0.5ms)[0m  [1m[36mcommit transaction[0m
Migrating to CreateProducts (20170610185632)
  [1m[35m (0.6ms)[0m  [1m[36mbegin transaction[0m
  [1m[35m (0.3ms)[0m  [1m[35mCREATE TABLE "products" ("id" INTEGER PRIMARY KEY AUTOINCREMENT NOT NULL, "name" varchar, "brand_name" varchar, "color" varchar, "model_number" integer, "category" varchar, "short_description" text, "long_description" text, "clearance" boolean DEFAULT 'f', "parent_item_id" integer, "msrp" decimal(7,2), "sale_price" decimal(7,2), "stock" varchar DEFAULT 'Not Available', "upc" integer, "category_path" text, "thumb_nail_image" text, "medium_image" text, "large_image" text, "active" boolean DEFAULT 'f', "created_at" datetime NOT NULL, "updated_at" datetime NOT NULL)[0m
  [1m[35mSQL (0.1ms)[0m  [1m[32mINSERT INTO "schema_migrations" ("version") VALUES (?)[0m  [["version", "20170610185632"]]
  [1m[35m (0.4ms)[0m  [1m[36mcommit transaction[0m
Migrating to ChangeDataTypeForModelNumber (20170610215144)
  [1m[35m (0.0ms)[0m  [1m[36mbegin transaction[0m
  [1m[35m (0.2ms)[0m  [1m[35mCREATE TEMPORARY TABLE "aproducts" ("id" INTEGER PRIMARY KEY AUTOINCREMENT NOT NULL, "name" varchar, "brand_name" varchar, "color" varchar, "model_number" integer, "category" varchar, "short_description" text, "long_description" text, "clearance" boolean DEFAULT 'f', "parent_item_id" integer, "msrp" decimal(7,2), "sale_price" decimal(7,2), "stock" varchar DEFAULT 'Not Available', "upc" integer, "category_path" text, "thumb_nail_image" text, "medium_image" text, "large_image" text, "active" boolean DEFAULT 'f', "created_at" datetime NOT NULL, "updated_at" datetime NOT NULL)[0m
  [1m[35m (0.1ms)[0m  [1m[32mINSERT INTO "aproducts" ("id","name","brand_name","color","model_number","category","short_description","long_description","clearance","parent_item_id","msrp","sale_price","stock","upc","category_path","thumb_nail_image","medium_image","large_image","active","created_at","updated_at")
                     SELECT "id","name","brand_name","color","model_number","category","short_description","long_description","clearance","parent_item_id","msrp","sale_price","stock","upc","category_path","thumb_nail_image","medium_image","large_image","active","created_at","updated_at" FROM "products"[0m
  [1m[35m (0.2ms)[0m  [1m[35mDROP TABLE "products"[0m
  [1m[35m (0.1ms)[0m  [1m[35mCREATE TABLE "products" ("id" INTEGER PRIMARY KEY AUTOINCREMENT NOT NULL, "name" varchar, "brand_name" varchar, "color" varchar, "model_number" varchar, "category" varchar, "short_description" text, "long_description" text, "clearance" boolean DEFAULT 'f', "parent_item_id" integer, "msrp" decimal(7,2), "sale_price" decimal(7,2), "stock" varchar DEFAULT 'Not Available', "upc" integer, "category_path" text, "thumb_nail_image" text, "medium_image" text, "large_image" text, "active" boolean DEFAULT 'f', "created_at" datetime NOT NULL, "updated_at" datetime NOT NULL)[0m
  [1m[35m (0.1ms)[0m  [1m[32mINSERT INTO "products" ("id","name","brand_name","color","model_number","category","short_description","long_description","clearance","parent_item_id","msrp","sale_price","stock","upc","category_path","thumb_nail_image","medium_image","large_image","active","created_at","updated_at")
                     SELECT "id","name","brand_name","color","model_number","category","short_description","long_description","clearance","parent_item_id","msrp","sale_price","stock","upc","category_path","thumb_nail_image","medium_image","large_image","active","created_at","updated_at" FROM "aproducts"[0m
  [1m[35m (0.1ms)[0m  [1m[35mDROP TABLE "aproducts"[0m
  [1m[35m (0.1ms)[0m  [1m[35mCREATE TEMPORARY TABLE "aproducts" ("id" INTEGER PRIMARY KEY AUTOINCREMENT NOT NULL, "name" varchar, "brand_name" varchar, "color" varchar, "model_number" varchar, "category" varchar, "short_description" text, "long_description" text, "clearance" boolean DEFAULT 'f', "parent_item_id" integer, "msrp" decimal(7,2), "sale_price" decimal(7,2), "stock" varchar DEFAULT 'Not Available', "upc" integer, "category_path" text, "thumb_nail_image" text, "medium_image" text, "large_image" text, "active" boolean DEFAULT 'f', "created_at" datetime NOT NULL, "updated_at" datetime NOT NULL)[0m
  [1m[35m (0.1ms)[0m  [1m[32mINSERT INTO "aproducts" ("id","name","brand_name","color","model_number","category","short_description","long_description","clearance","parent_item_id","msrp","sale_price","stock","upc","category_path","thumb_nail_image","medium_image","large_image","active","created_at","updated_at")
                     SELECT "id","name","brand_name","color","model_number","category","short_description","long_description","clearance","parent_item_id","msrp","sale_price","stock","upc","category_path","thumb_nail_image","medium_image","large_image","active","created_at","updated_at" FROM "products"[0m
  [1m[35m (0.1ms)[0m  [1m[35mDROP TABLE "products"[0m
  [1m[35m (0.2ms)[0m  [1m[35mCREATE TABLE "products" ("id" INTEGER PRIMARY KEY AUTOINCREMENT NOT NULL, "name" varchar, "brand_name" varchar, "color" varchar, "model_number" varchar, "category" varchar, "short_description" text, "long_description" text, "clearance" boolean DEFAULT 'f', "parent_item_id" integer(30), "msrp" decimal(7,2), "sale_price" decimal(7,2), "stock" varchar DEFAULT 'Not Available', "upc" integer, "category_path" text, "thumb_nail_image" text, "medium_image" text, "large_image" text, "active" boolean DEFAULT 'f', "created_at" datetime NOT NULL, "updated_at" datetime NOT NULL)[0m
  [1m[35m (0.1ms)[0m  [1m[32mINSERT INTO "products" ("id","name","brand_name","color","model_number","category","short_description","long_description","clearance","parent_item_id","msrp","sale_price","stock","upc","category_path","thumb_nail_image","medium_image","large_image","active","created_at","updated_at")
                     SELECT "id","name","brand_name","color","model_number","category","short_description","long_description","clearance","parent_item_id","msrp","sale_price","stock","upc","category_path","thumb_nail_image","medium_image","large_image","active","created_at","updated_at" FROM "aproducts"[0m
  [1m[35m (0.1ms)[0m  [1m[35mDROP TABLE "aproducts"[0m
  [1m[35m (0.2ms)[0m  [1m[35mCREATE TEMPORARY TABLE "aproducts" ("id" INTEGER PRIMARY KEY AUTOINCREMENT NOT NULL, "name" varchar, "brand_name" varchar, "color" varchar, "model_number" varchar, "category" varchar, "short_description" text, "long_description" text, "clearance" boolean DEFAULT 'f', "parent_item_id" integer(30), "msrp" decimal(7,2), "sale_price" decimal(7,2), "stock" varchar DEFAULT 'Not Available', "upc" integer, "category_path" text, "thumb_nail_image" text, "medium_image" text, "large_image" text, "active" boolean DEFAULT 'f', "created_at" datetime NOT NULL, "updated_at" datetime NOT NULL)[0m
  [1m[35m (0.1ms)[0m  [1m[32mINSERT INTO "aproducts" ("id","name","brand_name","color","model_number","category","short_description","long_description","clearance","parent_item_id","msrp","sale_price","stock","upc","category_path","thumb_nail_image","medium_image","large_image","active","created_at","updated_at")
                     SELECT "id","name","brand_name","color","model_number","category","short_description","long_description","clearance","parent_item_id","msrp","sale_price","stock","upc","category_path","thumb_nail_image","medium_image","large_image","active","created_at","updated_at" FROM "products"[0m
  [1m[35m (0.2ms)[0m  [1m[35mDROP TABLE "products"[0m
  [1m[35m (0.2ms)[0m  [1m[35mCREATE TABLE "products" ("id" INTEGER PRIMARY KEY AUTOINCREMENT NOT NULL, "name" varchar, "brand_name" varchar, "color" varchar, "model_number" varchar, "category" varchar, "short_description" text, "long_description" text, "clearance" boolean DEFAULT 'f', "parent_item_id" integer(30), "msrp" decimal(7,2), "sale_price" decimal(7,2), "stock" varchar DEFAULT 'Not Available', "upc" integer(20), "category_path" text, "thumb_nail_image" text, "medium_image" text, "large_image" text, "active" boolean DEFAULT 'f', "created_at" datetime NOT NULL, "updated_at" datetime NOT NULL)[0m
  [1m[35m (0.1ms)[0m  [1m[32mINSERT INTO "products" ("id","name","brand_name","color","model_number","category","short_description","long_description","clearance","parent_item_id","msrp","sale_price","stock","upc","category_path","thumb_nail_image","medium_image","large_image","active","created_at","updated_at")
                     SELECT "id","name","brand_name","color","model_number","category","short_description","long_description","clearance","parent_item_id","msrp","sale_price","stock","upc","category_path","thumb_nail_image","medium_image","large_image","active","created_at","updated_at" FROM "aproducts"[0m
  [1m[35m (4.6ms)[0m  [1m[35mDROP TABLE "aproducts"[0m
  [1m[35mSQL (0.1ms)[0m  [1m[32mINSERT INTO "schema_migrations" ("version") VALUES (?)[0m  [["version", "20170610215144"]]
  [1m[35m (0.8ms)[0m  [1m[36mcommit transaction[0m
Migrating to RemoveColumnOrderStatusIdFromOrders (20170613203622)
  [1m[35m (0.0ms)[0m  [1m[36mbegin transaction[0m
  [1m[35m (0.2ms)[0m  [1m[35mCREATE TEMPORARY TABLE "aorders" ("id" INTEGER PRIMARY KEY AUTOINCREMENT NOT NULL, "member_id" integer, "order_status_id" integer, "subtotal" decimal(7,2), "tax" decimal(7,2), "shipping" decimal(7,2), "total" decimal(7,2), "created_at" datetime NOT NULL, "updated_at" datetime NOT NULL)[0m
  [1m[35m (0.1ms)[0m  [1m[34m            SELECT sql
            FROM sqlite_master
            WHERE name='index_orders_on_order_status_id' AND type='index'
            UNION ALL
            SELECT sql
            FROM sqlite_temp_master
            WHERE name='index_orders_on_order_status_id' AND type='index'
[0m
  [1m[35m (0.0ms)[0m  [1m[34m            SELECT sql
            FROM sqlite_master
            WHERE name='index_orders_on_member_id' AND type='index'
            UNION ALL
            SELECT sql
            FROM sqlite_temp_master
            WHERE name='index_orders_on_member_id' AND type='index'
[0m
  [1m[35m (0.1ms)[0m  [1m[35mCREATE  INDEX "tindex_aorders_on_order_status_id" ON "aorders" ("order_status_id")[0m
  [1m[35m (0.1ms)[0m  [1m[35mCREATE  INDEX "tindex_aorders_on_member_id" ON "aorders" ("member_id")[0m
  [1m[35m (0.1ms)[0m  [1m[32mINSERT INTO "aorders" ("id","member_id","order_status_id","subtotal","tax","shipping","total","created_at","updated_at")
                     SELECT "id","member_id","order_status_id","subtotal","tax","shipping","total","created_at","updated_at" FROM "orders"[0m
  [1m[35m (0.3ms)[0m  [1m[35mDROP TABLE "orders"[0m
  [1m[35m (0.1ms)[0m  [1m[35mCREATE TABLE "orders" ("id" INTEGER PRIMARY KEY AUTOINCREMENT NOT NULL, "member_id" integer, "subtotal" decimal(7,2), "tax" decimal(7,2), "shipping" decimal(7,2), "total" decimal(7,2), "created_at" datetime NOT NULL, "updated_at" datetime NOT NULL)[0m
  [1m[35m (0.0ms)[0m  [1m[34m            SELECT sql
            FROM sqlite_master
            WHERE name='tindex_aorders_on_member_id' AND type='index'
            UNION ALL
            SELECT sql
            FROM sqlite_temp_master
            WHERE name='tindex_aorders_on_member_id' AND type='index'
[0m
  [1m[35m (0.0ms)[0m  [1m[34m            SELECT sql
            FROM sqlite_master
            WHERE name='tindex_aorders_on_order_status_id' AND type='index'
            UNION ALL
            SELECT sql
            FROM sqlite_temp_master
            WHERE name='tindex_aorders_on_order_status_id' AND type='index'
[0m
  [1m[35m (0.1ms)[0m  [1m[35mCREATE  INDEX "index_orders_on_member_id" ON "orders" ("member_id")[0m
  [1m[35m (0.1ms)[0m  [1m[32mINSERT INTO "orders" ("id","member_id","subtotal","tax","shipping","total","created_at","updated_at")
                     SELECT "id","member_id","subtotal","tax","shipping","total","created_at","updated_at" FROM "aorders"[0m
  [1m[35m (0.1ms)[0m  [1m[35mDROP TABLE "aorders"[0m
  [1m[35mSQL (0.2ms)[0m  [1m[32mINSERT INTO "schema_migrations" ("version") VALUES (?)[0m  [["version", "20170613203622"]]
  [1m[35m (0.6ms)[0m  [1m[36mcommit transaction[0m
Migrating to AddColumnOrderStatusToOrders (20170613203737)
  [1m[35m (0.0ms)[0m  [1m[36mbegin transaction[0m
  [1m[35m (0.3ms)[0m  [1m[35mALTER TABLE "orders" ADD "order_status" varchar DEFAULT 'incart'[0m
  [1m[35mSQL (0.1ms)[0m  [1m[32mINSERT INTO "schema_migrations" ("version") VALUES (?)[0m  [["version", "20170613203737"]]
  [1m[35m (0.5ms)[0m  [1m[36mcommit transaction[0m
Migrating to DropTableOrderStatus (20170613204037)
  [1m[35m (0.0ms)[0m  [1m[36mbegin transaction[0m
  [1m[35m (0.2ms)[0m  [1m[35mDROP TABLE "order_statuses"[0m
  [1m[35mSQL (0.1ms)[0m  [1m[32mINSERT INTO "schema_migrations" ("version") VALUES (?)[0m  [["version", "20170613204037"]]
  [1m[35m (0.5ms)[0m  [1m[36mcommit transaction[0m
Migrating to CreateAddresses (20170627022539)
  [1m[35m (0.0ms)[0m  [1m[36mbegin transaction[0m
  [1m[35m (0.2ms)[0m  [1m[35mCREATE TABLE "addresses" ("id" INTEGER PRIMARY KEY AUTOINCREMENT NOT NULL, "member_id" integer, "type" varchar, "default" boolean DEFAULT 'f', "first_name" varchar, "last_name" varchar, "address_line_1" text, "address_line_2" text, "city" varchar, "state" varchar, "zip_code" varchar, "phone" varchar, "created_at" datetime NOT NULL, "updated_at" datetime NOT NULL)[0m
  [1m[35m (0.1ms)[0m  [1m[35mCREATE  INDEX "index_addresses_on_member_id" ON "addresses" ("member_id")[0m
  [1m[35mSQL (0.1ms)[0m  [1m[32mINSERT INTO "schema_migrations" ("version") VALUES (?)[0m  [["version", "20170627022539"]]
  [1m[35m (0.5ms)[0m  [1m[36mcommit transaction[0m
Migrating to AddAddressToOrder (20170627030118)
  [1m[35m (0.0ms)[0m  [1m[36mbegin transaction[0m
  [1m[35m (0.2ms)[0m  [1m[35mALTER TABLE "orders" ADD "address_id" integer[0m
  [1m[35m (0.2ms)[0m  [1m[34m            SELECT sql
            FROM sqlite_master
            WHERE name='index_orders_on_member_id' AND type='index'
            UNION ALL
            SELECT sql
            FROM sqlite_temp_master
            WHERE name='index_orders_on_member_id' AND type='index'
[0m
  [1m[35m (0.1ms)[0m  [1m[35mCREATE  INDEX "index_orders_on_address_id" ON "orders" ("address_id")[0m
  [1m[35mSQL (0.1ms)[0m  [1m[32mINSERT INTO "schema_migrations" ("version") VALUES (?)[0m  [["version", "20170627030118"]]
  [1m[35m (0.5ms)[0m  [1m[36mcommit transaction[0m
Migrating to AddColumnToMembers (20170705002329)
  [1m[35m (0.0ms)[0m  [1m[36mbegin transaction[0m
  [1m[35m (0.3ms)[0m  [1m[35mALTER TABLE "members" ADD "signed_up_on" date[0m
  [1m[35m (0.1ms)[0m  [1m[35mCREATE TEMPORARY TABLE "amembers" ("id" INTEGER PRIMARY KEY AUTOINCREMENT NOT NULL, "first_name" varchar, "last_name" varchar, "gender" varchar, "birthday" date, "vip_member" boolean DEFAULT 'f', "email" varchar DEFAULT '' NOT NULL, "encrypted_password" varchar DEFAULT '' NOT NULL, "reset_password_token" varchar, "reset_password_sent_at" datetime, "remember_created_at" datetime, "sign_in_count" integer DEFAULT 0 NOT NULL, "current_sign_in_at" datetime, "last_sign_in_at" datetime, "current_sign_in_ip" varchar, "last_sign_in_ip" varchar, "created_at" datetime NOT NULL, "updated_at" datetime NOT NULL, "signed_up_on" date)[0m
  [1m[35m (0.1ms)[0m  [1m[34m            SELECT sql
            FROM sqlite_master
            WHERE name='index_members_on_reset_password_token' AND type='index'
            UNION ALL
            SELECT sql
            FROM sqlite_temp_master
            WHERE name='index_members_on_reset_password_token' AND type='index'
[0m
  [1m[35m (0.0ms)[0m  [1m[34m            SELECT sql
            FROM sqlite_master
            WHERE name='index_members_on_email' AND type='index'
            UNION ALL
            SELECT sql
            FROM sqlite_temp_master
            WHERE name='index_members_on_email' AND type='index'
[0m
  [1m[35m (0.1ms)[0m  [1m[35mCREATE UNIQUE INDEX "tindex_amembers_on_reset_password_token" ON "amembers" ("reset_password_token")[0m
  [1m[35m (0.1ms)[0m  [1m[35mCREATE UNIQUE INDEX "tindex_amembers_on_email" ON "amembers" ("email")[0m
  [1m[35m (0.1ms)[0m  [1m[32mINSERT INTO "amembers" ("id","first_name","last_name","gender","birthday","vip_member","email","encrypted_password","reset_password_token","reset_password_sent_at","remember_created_at","sign_in_count","current_sign_in_at","last_sign_in_at","current_sign_in_ip","last_sign_in_ip","created_at","updated_at","signed_up_on")
                     SELECT "id","first_name","last_name","gender","birthday","vip_member","email","encrypted_password","reset_password_token","reset_password_sent_at","remember_created_at","sign_in_count","current_sign_in_at","last_sign_in_at","current_sign_in_ip","last_sign_in_ip","created_at","updated_at","signed_up_on" FROM "members"[0m
  [1m[35m (0.1ms)[0m  [1m[35mDROP TABLE "members"[0m
  [1m[35m (0.2ms)[0m  [1m[35mCREATE TABLE "members" ("id" INTEGER PRIMARY KEY AUTOINCREMENT NOT NULL, "first_name" varchar, "last_name" varchar, "gender" varchar DEFAULT 'not provided', "birthday" date, "vip_member" boolean DEFAULT 'f', "email" varchar DEFAULT '' NOT NULL, "encrypted_password" varchar DEFAULT '' NOT NULL, "reset_password_token" varchar, "reset_password_sent_at" datetime, "remember_created_at" datetime, "sign_in_count" integer DEFAULT 0 NOT NULL, "current_sign_in_at" datetime, "last_sign_in_at" datetime, "current_sign_in_ip" varchar, "last_sign_in_ip" varchar, "created_at" datetime NOT NULL, "updated_at" datetime NOT NULL, "signed_up_on" date)[0m
  [1m[35m (0.1ms)[0m  [1m[34m            SELECT sql
            FROM sqlite_master
            WHERE name='tindex_amembers_on_email' AND type='index'
            UNION ALL
            SELECT sql
            FROM sqlite_temp_master
            WHERE name='tindex_amembers_on_email' AND type='index'
[0m
  [1m[35m (0.1ms)[0m  [1m[34m            SELECT sql
            FROM sqlite_master
            WHERE name='tindex_amembers_on_reset_password_token' AND type='index'
            UNION ALL
            SELECT sql
            FROM sqlite_temp_master
            WHERE name='tindex_amembers_on_reset_password_token' AND type='index'
[0m
  [1m[35m (0.1ms)[0m  [1m[35mCREATE UNIQUE INDEX "index_members_on_email" ON "members" ("email")[0m
  [1m[35m (0.0ms)[0m  [1m[34m            SELECT sql
            FROM sqlite_master
            WHERE name='index_members_on_email' AND type='index'
            UNION ALL
            SELECT sql
            FROM sqlite_temp_master
            WHERE name='index_members_on_email' AND type='index'
[0m
  [1m[35m (0.1ms)[0m  [1m[35mCREATE UNIQUE INDEX "index_members_on_reset_password_token" ON "members" ("reset_password_token")[0m
  [1m[35m (0.1ms)[0m  [1m[32mINSERT INTO "members" ("id","first_name","last_name","gender","birthday","vip_member","email","encrypted_password","reset_password_token","reset_password_sent_at","remember_created_at","sign_in_count","current_sign_in_at","last_sign_in_at","current_sign_in_ip","last_sign_in_ip","created_at","updated_at","signed_up_on")
                     SELECT "id","first_name","last_name","gender","birthday","vip_member","email","encrypted_password","reset_password_token","reset_password_sent_at","remember_created_at","sign_in_count","current_sign_in_at","last_sign_in_at","current_sign_in_ip","last_sign_in_ip","created_at","updated_at","signed_up_on" FROM "amembers"[0m
  [1m[35m (0.1ms)[0m  [1m[35mDROP TABLE "amembers"[0m
  [1m[35mSQL (0.1ms)[0m  [1m[32mINSERT INTO "schema_migrations" ("version") VALUES (?)[0m  [["version", "20170705002329"]]
  [1m[35m (0.6ms)[0m  [1m[36mcommit transaction[0m
Migrating to CreateSecurityQuestions (20170710075252)
  [1m[35m (0.1ms)[0m  [1m[36mbegin transaction[0m
  [1m[35m (0.3ms)[0m  [1m[35mCREATE TABLE "security_questions" ("id" INTEGER PRIMARY KEY AUTOINCREMENT NOT NULL, "question" text, "created_at" datetime NOT NULL, "updated_at" datetime NOT NULL)[0m
  [1m[35mSQL (0.1ms)[0m  [1m[32mINSERT INTO "schema_migrations" ("version") VALUES (?)[0m  [["version", "20170710075252"]]
  [1m[35m (0.7ms)[0m  [1m[36mcommit transaction[0m
Migrating to CreateSecurityQuestionAnswers (20170710075619)
  [1m[35m (0.0ms)[0m  [1m[36mbegin transaction[0m
  [1m[35m (0.4ms)[0m  [1m[35mCREATE TABLE "security_question_answers" ("id" INTEGER PRIMARY KEY AUTOINCREMENT NOT NULL, "member_id" integer, "security_question_id" integer, "answer" text, "created_at" datetime NOT NULL, "updated_at" datetime NOT NULL)[0m
  [1m[35m (0.1ms)[0m  [1m[35mCREATE  INDEX "index_security_question_answers_on_member_id" ON "security_question_answers" ("member_id")[0m
  [1m[35m (0.0ms)[0m  [1m[34m            SELECT sql
            FROM sqlite_master
            WHERE name='index_security_question_answers_on_member_id' AND type='index'
            UNION ALL
            SELECT sql
            FROM sqlite_temp_master
            WHERE name='index_security_question_answers_on_member_id' AND type='index'
[0m
  [1m[35m (0.1ms)[0m  [1m[35mCREATE  INDEX "index_security_question_answers_on_security_question_id" ON "security_question_answers" ("security_question_id")[0m
  [1m[35mSQL (0.1ms)[0m  [1m[32mINSERT INTO "schema_migrations" ("version") VALUES (?)[0m  [["version", "20170710075619"]]
  [1m[35m (1.0ms)[0m  [1m[36mcommit transaction[0m
  [1m[36mActiveRecord::InternalMetadata Load (0.1ms)[0m  [1m[34mSELECT  "ar_internal_metadata".* FROM "ar_internal_metadata" WHERE "ar_internal_metadata"."key" = ? LIMIT ?[0m  [["key", "environment"], ["LIMIT", 1]]
  [1m[35m (0.0ms)[0m  [1m[36mbegin transaction[0m
  [1m[35mSQL (0.3ms)[0m  [1m[32mINSERT INTO "ar_internal_metadata" ("key", "value", "created_at", "updated_at") VALUES (?, ?, ?, ?)[0m  [["key", "environment"], ["value", "development"], ["created_at", "2017-08-26 06:32:00.917302"], ["updated_at", "2017-08-26 06:32:00.917302"]]
  [1m[35m (0.6ms)[0m  [1m[36mcommit transaction[0m
  [1m[36mActiveRecord::SchemaMigration Load (0.1ms)[0m  [1m[34mSELECT "schema_migrations".* FROM "schema_migrations"[0m
  [1m[35m (0.1ms)[0m  [1m[34m            SELECT sql
            FROM sqlite_master
            WHERE name='index_addresses_on_member_id' AND type='index'
            UNION ALL
            SELECT sql
            FROM sqlite_temp_master
            WHERE name='index_addresses_on_member_id' AND type='index'
[0m
  [1m[35m (0.1ms)[0m  [1m[34m            SELECT sql
            FROM sqlite_master
            WHERE name='index_members_on_reset_password_token' AND type='index'
            UNION ALL
            SELECT sql
            FROM sqlite_temp_master
            WHERE name='index_members_on_reset_password_token' AND type='index'
[0m
  [1m[35m (0.1ms)[0m  [1m[34m            SELECT sql
            FROM sqlite_master
            WHERE name='index_members_on_email' AND type='index'
            UNION ALL
            SELECT sql
            FROM sqlite_temp_master
            WHERE name='index_members_on_email' AND type='index'
[0m
  [1m[35m (0.1ms)[0m  [1m[34m            SELECT sql
            FROM sqlite_master
            WHERE name='index_order_details_on_product_id' AND type='index'
            UNION ALL
            SELECT sql
            FROM sqlite_temp_master
            WHERE name='index_order_details_on_product_id' AND type='index'
[0m
  [1m[35m (0.1ms)[0m  [1m[34m            SELECT sql
            FROM sqlite_master
            WHERE name='index_order_details_on_order_id' AND type='index'
            UNION ALL
            SELECT sql
            FROM sqlite_temp_master
            WHERE name='index_order_details_on_order_id' AND type='index'
[0m
  [1m[35m (0.1ms)[0m  [1m[34m            SELECT sql
            FROM sqlite_master
            WHERE name='index_orders_on_address_id' AND type='index'
            UNION ALL
            SELECT sql
            FROM sqlite_temp_master
            WHERE name='index_orders_on_address_id' AND type='index'
[0m
  [1m[35m (0.1ms)[0m  [1m[34m            SELECT sql
            FROM sqlite_master
            WHERE name='index_orders_on_member_id' AND type='index'
            UNION ALL
            SELECT sql
            FROM sqlite_temp_master
            WHERE name='index_orders_on_member_id' AND type='index'
[0m
  [1m[35m (0.1ms)[0m  [1m[34m            SELECT sql
            FROM sqlite_master
            WHERE name='index_security_question_answers_on_security_question_id' AND type='index'
            UNION ALL
            SELECT sql
            FROM sqlite_temp_master
            WHERE name='index_security_question_answers_on_security_question_id' AND type='index'
[0m
  [1m[35m (0.1ms)[0m  [1m[34m            SELECT sql
            FROM sqlite_master
            WHERE name='index_security_question_answers_on_member_id' AND type='index'
            UNION ALL
            SELECT sql
            FROM sqlite_temp_master
            WHERE name='index_security_question_answers_on_member_id' AND type='index'
[0m
Started GET "/" for 127.0.0.1 at 2017-08-26 02:32:15 -0400
  [1m[36mActiveRecord::SchemaMigration Load (0.1ms)[0m  [1m[34mSELECT "schema_migrations".* FROM "schema_migrations"[0m
Processing by Rails::WelcomeController#index as HTML
  Parameters: {"internal"=>true}
  Rendering /Users/deusman/.rvm/gems/ruby-2.4.0/gems/railties-5.0.3/lib/rails/templates/rails/welcome/index.html.erb
  Rendered /Users/deusman/.rvm/gems/ruby-2.4.0/gems/railties-5.0.3/lib/rails/templates/rails/welcome/index.html.erb (4.7ms)
Completed 200 OK in 24ms (Views: 11.4ms | ActiveRecord: 0.0ms)


Started GET "/index" for 127.0.0.1 at 2017-08-26 02:32:24 -0400
  
ActionController::RoutingError (No route matches [GET] "/index"):
  
actionpack (5.0.3) lib/action_dispatch/middleware/debug_exceptions.rb:53:in `call'
web-console (3.5.1) lib/web_console/middleware.rb:135:in `call_app'
web-console (3.5.1) lib/web_console/middleware.rb:28:in `block in call'
web-console (3.5.1) lib/web_console/middleware.rb:18:in `catch'
web-console (3.5.1) lib/web_console/middleware.rb:18:in `call'
actionpack (5.0.3) lib/action_dispatch/middleware/show_exceptions.rb:31:in `call'
railties (5.0.3) lib/rails/rack/logger.rb:36:in `call_app'
railties (5.0.3) lib/rails/rack/logger.rb:24:in `block in call'
activesupport (5.0.3) lib/active_support/tagged_logging.rb:69:in `block in tagged'
activesupport (5.0.3) lib/active_support/tagged_logging.rb:26:in `tagged'
activesupport (5.0.3) lib/active_support/tagged_logging.rb:69:in `tagged'
railties (5.0.3) lib/rails/rack/logger.rb:24:in `call'
sprockets-rails (3.2.0) lib/sprockets/rails/quiet_assets.rb:13:in `call'
actionpack (5.0.3) lib/action_dispatch/middleware/request_id.rb:24:in `call'
rack (2.0.3) lib/rack/method_override.rb:22:in `call'
rack (2.0.3) lib/rack/runtime.rb:22:in `call'
activesupport (5.0.3) lib/active_support/cache/strategy/local_cache_middleware.rb:28:in `call'
actionpack (5.0.3) lib/action_dispatch/middleware/executor.rb:12:in `call'
actionpack (5.0.3) lib/action_dispatch/middleware/static.rb:136:in `call'
rack (2.0.3) lib/rack/sendfile.rb:111:in `call'
rack-cors (0.4.1) lib/rack/cors.rb:81:in `call'
railties (5.0.3) lib/rails/engine.rb:522:in `call'
puma (3.9.1) lib/puma/configuration.rb:224:in `call'
puma (3.9.1) lib/puma/server.rb:602:in `handle_request'
puma (3.9.1) lib/puma/server.rb:435:in `process_client'
puma (3.9.1) lib/puma/server.rb:299:in `block in run'
puma (3.9.1) lib/puma/thread_pool.rb:120:in `block in spawn_thread'
  Rendering /Users/deusman/.rvm/gems/ruby-2.4.0/gems/actionpack-5.0.3/lib/action_dispatch/middleware/templates/rescues/routing_error.html.erb within rescues/layout
  Rendering /Users/deusman/.rvm/gems/ruby-2.4.0/gems/actionpack-5.0.3/lib/action_dispatch/middleware/templates/rescues/_trace.html.erb
  Rendered /Users/deusman/.rvm/gems/ruby-2.4.0/gems/actionpack-5.0.3/lib/action_dispatch/middleware/templates/rescues/_trace.html.erb (1.0ms)
  Rendered collection of /Users/deusman/.rvm/gems/ruby-2.4.0/gems/actionpack-5.0.3/lib/action_dispatch/middleware/templates/routes/_route.html.erb [12 times] (3.3ms)
  Rendered /Users/deusman/.rvm/gems/ruby-2.4.0/gems/actionpack-5.0.3/lib/action_dispatch/middleware/templates/routes/_table.html.erb (8.3ms)
  Rendering /Users/deusman/.rvm/gems/ruby-2.4.0/gems/actionpack-5.0.3/lib/action_dispatch/middleware/templates/rescues/_request_and_response.html.erb
  Rendered /Users/deusman/.rvm/gems/ruby-2.4.0/gems/actionpack-5.0.3/lib/action_dispatch/middleware/templates/rescues/_request_and_response.html.erb (0.7ms)
  Rendered /Users/deusman/.rvm/gems/ruby-2.4.0/gems/actionpack-5.0.3/lib/action_dispatch/middleware/templates/rescues/routing_error.html.erb within rescues/layout (88.5ms)
Started GET "/api/v1/security_questions" for 127.0.0.1 at 2017-09-09 14:16:14 -0400
  [1m[36mActiveRecord::SchemaMigration Load (0.5ms)[0m  [1m[34mSELECT "schema_migrations".* FROM "schema_migrations"[0m
Processing by Api::V1::SecurityQuestionsController#show as HTML
  [1m[36mSecurityQuestion Load (0.3ms)[0m  [1m[34mSELECT "security_questions".* FROM "security_questions"[0m
Completed 200 OK in 19ms (Views: 0.2ms | ActiveRecord: 0.5ms)


Started POST "/api/v1/sign_in" for 127.0.0.1 at 2017-09-09 14:25:21 -0400
Processing by Api::V1::SignInController#create as HTML
  Parameters: {"email"=>"dfdfd", "password"=>"[FILTERED]", "sign_in"=>{"email"=>"dfdfd", "password"=>"[FILTERED]"}}
  [1m[36mMember Load (0.7ms)[0m  [1m[34mSELECT  "members".* FROM "members" WHERE "members"."email" = ? LIMIT ?[0m  [["email", "dfdfd"], ["LIMIT", 1]]
Completed 422 Unprocessable Entity in 30ms (Views: 0.2ms | ActiveRecord: 0.9ms)


Started POST "/api/v1/sign_in" for 127.0.0.1 at 2017-09-09 14:25:41 -0400
Processing by Api::V1::SignInController#create as HTML
  Parameters: {"email"=>"dfdfd", "password"=>"[FILTERED]", "sign_in"=>{"email"=>"dfdfd", "password"=>"[FILTERED]"}}
  [1m[36mMember Load (0.1ms)[0m  [1m[34mSELECT  "members".* FROM "members" WHERE "members"."email" = ? LIMIT ?[0m  [["email", "dfdfd"], ["LIMIT", 1]]
Completed 422 Unprocessable Entity in 1ms (Views: 0.2ms | ActiveRecord: 0.1ms)


Started POST "/api/v1/sign_in" for 127.0.0.1 at 2017-09-09 14:25:46 -0400
Processing by Api::V1::SignInController#create as HTML
  Parameters: {"email"=>"dfdfd", "password"=>"[FILTERED]", "sign_in"=>{"email"=>"dfdfd", "password"=>"[FILTERED]"}}
  [1m[36mMember Load (0.1ms)[0m  [1m[34mSELECT  "members".* FROM "members" WHERE "members"."email" = ? LIMIT ?[0m  [["email", "dfdfd"], ["LIMIT", 1]]
Completed 422 Unprocessable Entity in 1ms (Views: 0.2ms | ActiveRecord: 0.1ms)


Started POST "/api/v1/sign_in" for 127.0.0.1 at 2017-09-09 14:25:49 -0400
Processing by Api::V1::SignInController#create as HTML
  Parameters: {"email"=>"dfdfd", "password"=>"[FILTERED]", "sign_in"=>{"email"=>"dfdfd", "password"=>"[FILTERED]"}}
  [1m[36mMember Load (0.1ms)[0m  [1m[34mSELECT  "members".* FROM "members" WHERE "members"."email" = ? LIMIT ?[0m  [["email", "dfdfd"], ["LIMIT", 1]]
Completed 422 Unprocessable Entity in 1ms (Views: 0.1ms | ActiveRecord: 0.1ms)


Started POST "/api/v1/sign_in" for 127.0.0.1 at 2017-09-09 14:30:46 -0400
Processing by Api::V1::SignInController#create as HTML
  Parameters: {"email"=>"dfdfd", "password"=>"[FILTERED]", "sign_in"=>{"email"=>"dfdfd", "password"=>"[FILTERED]"}}
  [1m[36mMember Load (0.1ms)[0m  [1m[34mSELECT  "members".* FROM "members" WHERE "members"."email" = ? LIMIT ?[0m  [["email", "dfdfd"], ["LIMIT", 1]]
Completed 422 Unprocessable Entity in 1ms (Views: 0.2ms | ActiveRecord: 0.1ms)


Started POST "/api/v1/sign_in" for 127.0.0.1 at 2017-09-09 14:30:54 -0400
Processing by Api::V1::SignInController#create as HTML
  Parameters: {"email"=>"dfdfd", "password"=>"[FILTERED]", "sign_in"=>{"email"=>"dfdfd", "password"=>"[FILTERED]"}}
  [1m[36mMember Load (0.1ms)[0m  [1m[34mSELECT  "members".* FROM "members" WHERE "members"."email" = ? LIMIT ?[0m  [["email", "dfdfd"], ["LIMIT", 1]]
Completed 422 Unprocessable Entity in 1ms (Views: 0.1ms | ActiveRecord: 0.1ms)


Started POST "/api/v1/sign_in" for 127.0.0.1 at 2017-09-09 14:30:57 -0400
Processing by Api::V1::SignInController#create as HTML
  Parameters: {"email"=>"dfdfd", "password"=>"[FILTERED]", "sign_in"=>{"email"=>"dfdfd", "password"=>"[FILTERED]"}}
  [1m[36mMember Load (0.1ms)[0m  [1m[34mSELECT  "members".* FROM "members" WHERE "members"."email" = ? LIMIT ?[0m  [["email", "dfdfd"], ["LIMIT", 1]]
Completed 422 Unprocessable Entity in 1ms (Views: 0.2ms | ActiveRecord: 0.1ms)


Started POST "/api/v1/check_validity" for 127.0.0.1 at 2017-09-09 16:05:24 -0400
  [1m[36mActiveRecord::SchemaMigration Load (0.1ms)[0m  [1m[34mSELECT "schema_migrations".* FROM "schema_migrations"[0m
  
ActionController::RoutingError (No route matches [POST] "/api/v1/check_validity"):
  
actionpack (5.0.3) lib/action_dispatch/middleware/debug_exceptions.rb:53:in `call'
web-console (3.5.1) lib/web_console/middleware.rb:135:in `call_app'
web-console (3.5.1) lib/web_console/middleware.rb:28:in `block in call'
web-console (3.5.1) lib/web_console/middleware.rb:18:in `catch'
web-console (3.5.1) lib/web_console/middleware.rb:18:in `call'
actionpack (5.0.3) lib/action_dispatch/middleware/show_exceptions.rb:31:in `call'
railties (5.0.3) lib/rails/rack/logger.rb:36:in `call_app'
railties (5.0.3) lib/rails/rack/logger.rb:24:in `block in call'
activesupport (5.0.3) lib/active_support/tagged_logging.rb:69:in `block in tagged'
activesupport (5.0.3) lib/active_support/tagged_logging.rb:26:in `tagged'
activesupport (5.0.3) lib/active_support/tagged_logging.rb:69:in `tagged'
railties (5.0.3) lib/rails/rack/logger.rb:24:in `call'
sprockets-rails (3.2.0) lib/sprockets/rails/quiet_assets.rb:13:in `call'
actionpack (5.0.3) lib/action_dispatch/middleware/request_id.rb:24:in `call'
rack (2.0.3) lib/rack/method_override.rb:22:in `call'
rack (2.0.3) lib/rack/runtime.rb:22:in `call'
activesupport (5.0.3) lib/active_support/cache/strategy/local_cache_middleware.rb:28:in `call'
actionpack (5.0.3) lib/action_dispatch/middleware/executor.rb:12:in `call'
actionpack (5.0.3) lib/action_dispatch/middleware/static.rb:136:in `call'
rack (2.0.3) lib/rack/sendfile.rb:111:in `call'
rack-cors (0.4.1) lib/rack/cors.rb:81:in `call'
railties (5.0.3) lib/rails/engine.rb:522:in `call'
puma (3.9.1) lib/puma/configuration.rb:224:in `call'
puma (3.9.1) lib/puma/server.rb:602:in `handle_request'
puma (3.9.1) lib/puma/server.rb:435:in `process_client'
puma (3.9.1) lib/puma/server.rb:299:in `block in run'
puma (3.9.1) lib/puma/thread_pool.rb:120:in `block in spawn_thread'
  Rendering /Users/deusman/.rvm/gems/ruby-2.4.0/gems/actionpack-5.0.3/lib/action_dispatch/middleware/templates/rescues/routing_error.html.erb within rescues/layout
  Rendering /Users/deusman/.rvm/gems/ruby-2.4.0/gems/actionpack-5.0.3/lib/action_dispatch/middleware/templates/rescues/_trace.html.erb
  Rendered /Users/deusman/.rvm/gems/ruby-2.4.0/gems/actionpack-5.0.3/lib/action_dispatch/middleware/templates/rescues/_trace.html.erb (1.0ms)
  Rendered collection of /Users/deusman/.rvm/gems/ruby-2.4.0/gems/actionpack-5.0.3/lib/action_dispatch/middleware/templates/routes/_route.html.erb [13 times] (10.6ms)
  Rendered /Users/deusman/.rvm/gems/ruby-2.4.0/gems/actionpack-5.0.3/lib/action_dispatch/middleware/templates/routes/_table.html.erb (8.6ms)
  Rendering /Users/deusman/.rvm/gems/ruby-2.4.0/gems/actionpack-5.0.3/lib/action_dispatch/middleware/templates/rescues/_request_and_response.html.erb
  Rendered /Users/deusman/.rvm/gems/ruby-2.4.0/gems/actionpack-5.0.3/lib/action_dispatch/middleware/templates/rescues/_request_and_response.html.erb (9.1ms)
  Rendered /Users/deusman/.rvm/gems/ruby-2.4.0/gems/actionpack-5.0.3/lib/action_dispatch/middleware/templates/rescues/routing_error.html.erb within rescues/layout (98.5ms)
Started POST "/api/v1/check_validity" for 127.0.0.1 at 2017-09-09 16:07:11 -0400
  
ActionController::RoutingError (No route matches [POST] "/api/v1/check_validity"):
  
actionpack (5.0.3) lib/action_dispatch/middleware/debug_exceptions.rb:53:in `call'
web-console (3.5.1) lib/web_console/middleware.rb:135:in `call_app'
web-console (3.5.1) lib/web_console/middleware.rb:28:in `block in call'
web-console (3.5.1) lib/web_console/middleware.rb:18:in `catch'
web-console (3.5.1) lib/web_console/middleware.rb:18:in `call'
actionpack (5.0.3) lib/action_dispatch/middleware/show_exceptions.rb:31:in `call'
railties (5.0.3) lib/rails/rack/logger.rb:36:in `call_app'
railties (5.0.3) lib/rails/rack/logger.rb:24:in `block in call'
activesupport (5.0.3) lib/active_support/tagged_logging.rb:69:in `block in tagged'
activesupport (5.0.3) lib/active_support/tagged_logging.rb:26:in `tagged'
activesupport (5.0.3) lib/active_support/tagged_logging.rb:69:in `tagged'
railties (5.0.3) lib/rails/rack/logger.rb:24:in `call'
sprockets-rails (3.2.0) lib/sprockets/rails/quiet_assets.rb:13:in `call'
actionpack (5.0.3) lib/action_dispatch/middleware/request_id.rb:24:in `call'
rack (2.0.3) lib/rack/method_override.rb:22:in `call'
rack (2.0.3) lib/rack/runtime.rb:22:in `call'
activesupport (5.0.3) lib/active_support/cache/strategy/local_cache_middleware.rb:28:in `call'
actionpack (5.0.3) lib/action_dispatch/middleware/executor.rb:12:in `call'
actionpack (5.0.3) lib/action_dispatch/middleware/static.rb:136:in `call'
rack (2.0.3) lib/rack/sendfile.rb:111:in `call'
rack-cors (0.4.1) lib/rack/cors.rb:81:in `call'
railties (5.0.3) lib/rails/engine.rb:522:in `call'
puma (3.9.1) lib/puma/configuration.rb:224:in `call'
puma (3.9.1) lib/puma/server.rb:602:in `handle_request'
puma (3.9.1) lib/puma/server.rb:435:in `process_client'
puma (3.9.1) lib/puma/server.rb:299:in `block in run'
puma (3.9.1) lib/puma/thread_pool.rb:120:in `block in spawn_thread'
  Rendering /Users/deusman/.rvm/gems/ruby-2.4.0/gems/actionpack-5.0.3/lib/action_dispatch/middleware/templates/rescues/routing_error.html.erb within rescues/layout
  Rendering /Users/deusman/.rvm/gems/ruby-2.4.0/gems/actionpack-5.0.3/lib/action_dispatch/middleware/templates/rescues/_trace.html.erb
  Rendered /Users/deusman/.rvm/gems/ruby-2.4.0/gems/actionpack-5.0.3/lib/action_dispatch/middleware/templates/rescues/_trace.html.erb (0.8ms)
  Rendered collection of /Users/deusman/.rvm/gems/ruby-2.4.0/gems/actionpack-5.0.3/lib/action_dispatch/middleware/templates/routes/_route.html.erb [13 times] (2.6ms)
  Rendered /Users/deusman/.rvm/gems/ruby-2.4.0/gems/actionpack-5.0.3/lib/action_dispatch/middleware/templates/routes/_table.html.erb (0.9ms)
  Rendering /Users/deusman/.rvm/gems/ruby-2.4.0/gems/actionpack-5.0.3/lib/action_dispatch/middleware/templates/rescues/_request_and_response.html.erb
  Rendered /Users/deusman/.rvm/gems/ruby-2.4.0/gems/actionpack-5.0.3/lib/action_dispatch/middleware/templates/rescues/_request_and_response.html.erb (0.8ms)
  Rendered /Users/deusman/.rvm/gems/ruby-2.4.0/gems/actionpack-5.0.3/lib/action_dispatch/middleware/templates/rescues/routing_error.html.erb within rescues/layout (63.2ms)
Started POST "/api/v1/check_validity" for 127.0.0.1 at 2017-09-09 16:07:52 -0400
  
ActionController::RoutingError (uninitialized constant Api::V1::MemberController):
  
activesupport (5.0.3) lib/active_support/inflector/methods.rb:270:in `const_get'
activesupport (5.0.3) lib/active_support/inflector/methods.rb:270:in `block in constantize'
activesupport (5.0.3) lib/active_support/inflector/methods.rb:266:in `each'
activesupport (5.0.3) lib/active_support/inflector/methods.rb:266:in `inject'
activesupport (5.0.3) lib/active_support/inflector/methods.rb:266:in `constantize'
actionpack (5.0.3) lib/action_dispatch/http/request.rb:81:in `controller_class'
actionpack (5.0.3) lib/action_dispatch/routing/route_set.rb:44:in `controller'
actionpack (5.0.3) lib/action_dispatch/routing/route_set.rb:30:in `serve'
actionpack (5.0.3) lib/action_dispatch/journey/router.rb:39:in `block in serve'
actionpack (5.0.3) lib/action_dispatch/journey/router.rb:26:in `each'
actionpack (5.0.3) lib/action_dispatch/journey/router.rb:26:in `serve'
actionpack (5.0.3) lib/action_dispatch/routing/route_set.rb:725:in `call'
warden (1.2.7) lib/warden/manager.rb:36:in `block in call'
warden (1.2.7) lib/warden/manager.rb:35:in `catch'
warden (1.2.7) lib/warden/manager.rb:35:in `call'
rack (2.0.3) lib/rack/etag.rb:25:in `call'
rack (2.0.3) lib/rack/conditional_get.rb:38:in `call'
rack (2.0.3) lib/rack/head.rb:12:in `call'
rack (2.0.3) lib/rack/session/abstract/id.rb:232:in `context'
rack (2.0.3) lib/rack/session/abstract/id.rb:226:in `call'
actionpack (5.0.3) lib/action_dispatch/middleware/cookies.rb:613:in `call'
activerecord (5.0.3) lib/active_record/migration.rb:553:in `call'
actionpack (5.0.3) lib/action_dispatch/middleware/callbacks.rb:38:in `block in call'
activesupport (5.0.3) lib/active_support/callbacks.rb:97:in `__run_callbacks__'
activesupport (5.0.3) lib/active_support/callbacks.rb:750:in `_run_call_callbacks'
activesupport (5.0.3) lib/active_support/callbacks.rb:90:in `run_callbacks'
actionpack (5.0.3) lib/action_dispatch/middleware/callbacks.rb:36:in `call'
actionpack (5.0.3) lib/action_dispatch/middleware/executor.rb:12:in `call'
actionpack (5.0.3) lib/action_dispatch/middleware/remote_ip.rb:79:in `call'
actionpack (5.0.3) lib/action_dispatch/middleware/debug_exceptions.rb:49:in `call'
web-console (3.5.1) lib/web_console/middleware.rb:135:in `call_app'
web-console (3.5.1) lib/web_console/middleware.rb:28:in `block in call'
web-console (3.5.1) lib/web_console/middleware.rb:18:in `catch'
web-console (3.5.1) lib/web_console/middleware.rb:18:in `call'
actionpack (5.0.3) lib/action_dispatch/middleware/show_exceptions.rb:31:in `call'
railties (5.0.3) lib/rails/rack/logger.rb:36:in `call_app'
railties (5.0.3) lib/rails/rack/logger.rb:24:in `block in call'
activesupport (5.0.3) lib/active_support/tagged_logging.rb:69:in `block in tagged'
activesupport (5.0.3) lib/active_support/tagged_logging.rb:26:in `tagged'
activesupport (5.0.3) lib/active_support/tagged_logging.rb:69:in `tagged'
railties (5.0.3) lib/rails/rack/logger.rb:24:in `call'
sprockets-rails (3.2.0) lib/sprockets/rails/quiet_assets.rb:13:in `call'
actionpack (5.0.3) lib/action_dispatch/middleware/request_id.rb:24:in `call'
rack (2.0.3) lib/rack/method_override.rb:22:in `call'
rack (2.0.3) lib/rack/runtime.rb:22:in `call'
activesupport (5.0.3) lib/active_support/cache/strategy/local_cache_middleware.rb:28:in `call'
actionpack (5.0.3) lib/action_dispatch/middleware/executor.rb:12:in `call'
actionpack (5.0.3) lib/action_dispatch/middleware/static.rb:136:in `call'
rack (2.0.3) lib/rack/sendfile.rb:111:in `call'
rack-cors (0.4.1) lib/rack/cors.rb:81:in `call'
railties (5.0.3) lib/rails/engine.rb:522:in `call'
puma (3.9.1) lib/puma/configuration.rb:224:in `call'
puma (3.9.1) lib/puma/server.rb:602:in `handle_request'
puma (3.9.1) lib/puma/server.rb:435:in `process_client'
puma (3.9.1) lib/puma/server.rb:299:in `block in run'
puma (3.9.1) lib/puma/thread_pool.rb:120:in `block in spawn_thread'
  Rendering /Users/deusman/.rvm/gems/ruby-2.4.0/gems/actionpack-5.0.3/lib/action_dispatch/middleware/templates/rescues/routing_error.html.erb within rescues/layout
  Rendering /Users/deusman/.rvm/gems/ruby-2.4.0/gems/actionpack-5.0.3/lib/action_dispatch/middleware/templates/rescues/_trace.html.erb
  Rendered /Users/deusman/.rvm/gems/ruby-2.4.0/gems/actionpack-5.0.3/lib/action_dispatch/middleware/templates/rescues/_trace.html.erb (1.0ms)
  Rendered collection of /Users/deusman/.rvm/gems/ruby-2.4.0/gems/actionpack-5.0.3/lib/action_dispatch/middleware/templates/routes/_route.html.erb [13 times] (2.9ms)
  Rendered /Users/deusman/.rvm/gems/ruby-2.4.0/gems/actionpack-5.0.3/lib/action_dispatch/middleware/templates/routes/_table.html.erb (0.9ms)
  Rendering /Users/deusman/.rvm/gems/ruby-2.4.0/gems/actionpack-5.0.3/lib/action_dispatch/middleware/templates/rescues/_request_and_response.html.erb
  Rendered /Users/deusman/.rvm/gems/ruby-2.4.0/gems/actionpack-5.0.3/lib/action_dispatch/middleware/templates/rescues/_request_and_response.html.erb (1.0ms)
  Rendered /Users/deusman/.rvm/gems/ruby-2.4.0/gems/actionpack-5.0.3/lib/action_dispatch/middleware/templates/rescues/routing_error.html.erb within rescues/layout (65.0ms)
Started POST "/api/v1/check_validity" for 127.0.0.1 at 2017-09-09 16:08:25 -0400
  [1m[36mActiveRecord::SchemaMigration Load (0.1ms)[0m  [1m[34mSELECT "schema_migrations".* FROM "schema_migrations"[0m
  
ActionController::RoutingError (uninitialized constant Api::V1::MemberController):
  
activesupport (5.0.3) lib/active_support/inflector/methods.rb:270:in `const_get'
activesupport (5.0.3) lib/active_support/inflector/methods.rb:270:in `block in constantize'
activesupport (5.0.3) lib/active_support/inflector/methods.rb:266:in `each'
activesupport (5.0.3) lib/active_support/inflector/methods.rb:266:in `inject'
activesupport (5.0.3) lib/active_support/inflector/methods.rb:266:in `constantize'
actionpack (5.0.3) lib/action_dispatch/http/request.rb:81:in `controller_class'
actionpack (5.0.3) lib/action_dispatch/routing/route_set.rb:44:in `controller'
actionpack (5.0.3) lib/action_dispatch/routing/route_set.rb:30:in `serve'
actionpack (5.0.3) lib/action_dispatch/journey/router.rb:39:in `block in serve'
actionpack (5.0.3) lib/action_dispatch/journey/router.rb:26:in `each'
actionpack (5.0.3) lib/action_dispatch/journey/router.rb:26:in `serve'
actionpack (5.0.3) lib/action_dispatch/routing/route_set.rb:725:in `call'
warden (1.2.7) lib/warden/manager.rb:36:in `block in call'
warden (1.2.7) lib/warden/manager.rb:35:in `catch'
warden (1.2.7) lib/warden/manager.rb:35:in `call'
rack (2.0.3) lib/rack/etag.rb:25:in `call'
rack (2.0.3) lib/rack/conditional_get.rb:38:in `call'
rack (2.0.3) lib/rack/head.rb:12:in `call'
rack (2.0.3) lib/rack/session/abstract/id.rb:232:in `context'
rack (2.0.3) lib/rack/session/abstract/id.rb:226:in `call'
actionpack (5.0.3) lib/action_dispatch/middleware/cookies.rb:613:in `call'
activerecord (5.0.3) lib/active_record/migration.rb:553:in `call'
actionpack (5.0.3) lib/action_dispatch/middleware/callbacks.rb:38:in `block in call'
activesupport (5.0.3) lib/active_support/callbacks.rb:97:in `__run_callbacks__'
activesupport (5.0.3) lib/active_support/callbacks.rb:750:in `_run_call_callbacks'
activesupport (5.0.3) lib/active_support/callbacks.rb:90:in `run_callbacks'
actionpack (5.0.3) lib/action_dispatch/middleware/callbacks.rb:36:in `call'
actionpack (5.0.3) lib/action_dispatch/middleware/executor.rb:12:in `call'
actionpack (5.0.3) lib/action_dispatch/middleware/remote_ip.rb:79:in `call'
actionpack (5.0.3) lib/action_dispatch/middleware/debug_exceptions.rb:49:in `call'
web-console (3.5.1) lib/web_console/middleware.rb:135:in `call_app'
web-console (3.5.1) lib/web_console/middleware.rb:28:in `block in call'
web-console (3.5.1) lib/web_console/middleware.rb:18:in `catch'
web-console (3.5.1) lib/web_console/middleware.rb:18:in `call'
actionpack (5.0.3) lib/action_dispatch/middleware/show_exceptions.rb:31:in `call'
railties (5.0.3) lib/rails/rack/logger.rb:36:in `call_app'
railties (5.0.3) lib/rails/rack/logger.rb:24:in `block in call'
activesupport (5.0.3) lib/active_support/tagged_logging.rb:69:in `block in tagged'
activesupport (5.0.3) lib/active_support/tagged_logging.rb:26:in `tagged'
activesupport (5.0.3) lib/active_support/tagged_logging.rb:69:in `tagged'
railties (5.0.3) lib/rails/rack/logger.rb:24:in `call'
sprockets-rails (3.2.0) lib/sprockets/rails/quiet_assets.rb:13:in `call'
actionpack (5.0.3) lib/action_dispatch/middleware/request_id.rb:24:in `call'
rack (2.0.3) lib/rack/method_override.rb:22:in `call'
rack (2.0.3) lib/rack/runtime.rb:22:in `call'
activesupport (5.0.3) lib/active_support/cache/strategy/local_cache_middleware.rb:28:in `call'
actionpack (5.0.3) lib/action_dispatch/middleware/executor.rb:12:in `call'
actionpack (5.0.3) lib/action_dispatch/middleware/static.rb:136:in `call'
rack (2.0.3) lib/rack/sendfile.rb:111:in `call'
rack-cors (0.4.1) lib/rack/cors.rb:81:in `call'
railties (5.0.3) lib/rails/engine.rb:522:in `call'
puma (3.9.1) lib/puma/configuration.rb:224:in `call'
puma (3.9.1) lib/puma/server.rb:602:in `handle_request'
puma (3.9.1) lib/puma/server.rb:435:in `process_client'
puma (3.9.1) lib/puma/server.rb:299:in `block in run'
puma (3.9.1) lib/puma/thread_pool.rb:120:in `block in spawn_thread'
  Rendering /Users/deusman/.rvm/gems/ruby-2.4.0/gems/actionpack-5.0.3/lib/action_dispatch/middleware/templates/rescues/routing_error.html.erb within rescues/layout
  Rendering /Users/deusman/.rvm/gems/ruby-2.4.0/gems/actionpack-5.0.3/lib/action_dispatch/middleware/templates/rescues/_trace.html.erb
  Rendered /Users/deusman/.rvm/gems/ruby-2.4.0/gems/actionpack-5.0.3/lib/action_dispatch/middleware/templates/rescues/_trace.html.erb (1.2ms)
  Rendered collection of /Users/deusman/.rvm/gems/ruby-2.4.0/gems/actionpack-5.0.3/lib/action_dispatch/middleware/templates/routes/_route.html.erb [13 times] (3.2ms)
  Rendered /Users/deusman/.rvm/gems/ruby-2.4.0/gems/actionpack-5.0.3/lib/action_dispatch/middleware/templates/routes/_table.html.erb (5.0ms)
  Rendering /Users/deusman/.rvm/gems/ruby-2.4.0/gems/actionpack-5.0.3/lib/action_dispatch/middleware/templates/rescues/_request_and_response.html.erb
  Rendered /Users/deusman/.rvm/gems/ruby-2.4.0/gems/actionpack-5.0.3/lib/action_dispatch/middleware/templates/rescues/_request_and_response.html.erb (9.3ms)
  Rendered /Users/deusman/.rvm/gems/ruby-2.4.0/gems/actionpack-5.0.3/lib/action_dispatch/middleware/templates/rescues/routing_error.html.erb within rescues/layout (85.7ms)
Started POST "/api/v1/check_validity" for 127.0.0.1 at 2017-09-09 16:15:04 -0400
Processing by Api::V1::MembersController#check_validity as HTML
  Parameters: {"first_name"=>"", "last_name"=>"", "gender"=>"Not Provided", "birthday"=>"//", "email"=>"", "password"=>"[FILTERED]", "member"=>{"first_name"=>"", "last_name"=>"", "gender"=>"Not Provided", "birthday"=>"//", "email"=>""}}
Started POST "/api/v1/check_validity" for 127.0.0.1 at 2017-09-09 16:15:35 -0400
  [1m[36mActiveRecord::SchemaMigration Load (0.1ms)[0m  [1m[34mSELECT "schema_migrations".* FROM "schema_migrations"[0m
Processing by Api::V1::MembersController#check_validity as HTML
  Parameters: {"first_name"=>"", "last_name"=>"", "gender"=>"Not Provided", "birthday"=>"//", "email"=>"", "password"=>"[FILTERED]", "member"=>{"first_name"=>"", "last_name"=>"", "gender"=>"Not Provided", "birthday"=>"//", "email"=>""}}
Started POST "/api/v1/check_validity" for 127.0.0.1 at 2017-09-09 16:16:47 -0400
  [1m[36mActiveRecord::SchemaMigration Load (0.1ms)[0m  [1m[34mSELECT "schema_migrations".* FROM "schema_migrations"[0m
Processing by Api::V1::MembersController#check_validity as HTML
  Parameters: {"first_name"=>"", "last_name"=>"", "gender"=>"Not Provided", "birthday"=>"//", "email"=>"", "password"=>"[FILTERED]", "member"=>{"first_name"=>"", "last_name"=>"", "gender"=>"Not Provided", "birthday"=>"//", "email"=>""}}
Started POST "/api/v1/check_validity" for 127.0.0.1 at 2017-09-09 16:17:48 -0400
  [1m[36mActiveRecord::SchemaMigration Load (0.1ms)[0m  [1m[34mSELECT "schema_migrations".* FROM "schema_migrations"[0m
Processing by Api::V1::MembersController#check_validity as HTML
  Parameters: {"first_name"=>"", "last_name"=>"", "gender"=>"Not Provided", "birthday"=>"//", "email"=>"", "password"=>"[FILTERED]", "member"=>{"first_name"=>"", "last_name"=>"", "gender"=>"Not Provided", "birthday"=>"//", "email"=>""}}
  [1m[36mMember Exists (0.1ms)[0m  [1m[34mSELECT  1 AS one FROM "members" WHERE "members"."email" = ? LIMIT ?[0m  [["email", ""], ["LIMIT", 1]]
Completed 422 Unprocessable Entity in 50ms (Views: 0.4ms | ActiveRecord: 0.7ms)


Started POST "/api/v1/check_validity" for 127.0.0.1 at 2017-09-09 16:18:58 -0400
Processing by Api::V1::MembersController#check_validity as HTML
  Parameters: {"first_name"=>"", "last_name"=>"", "gender"=>"Not Provided", "birthday"=>"2017/09/08", "email"=>"", "password"=>"[FILTERED]", "member"=>{"first_name"=>"", "last_name"=>"", "gender"=>"Not Provided", "birthday"=>"2017/09/08", "email"=>""}}
  [1m[36mMember Exists (0.1ms)[0m  [1m[34mSELECT  1 AS one FROM "members" WHERE "members"."email" = ? LIMIT ?[0m  [["email", ""], ["LIMIT", 1]]
Completed 422 Unprocessable Entity in 10ms (Views: 0.2ms | ActiveRecord: 0.1ms)


Started POST "/api/v1/check_validity" for 127.0.0.1 at 2017-09-09 16:19:42 -0400
Processing by Api::V1::MembersController#check_validity as HTML
  Parameters: {"first_name"=>"", "last_name"=>"", "gender"=>"Not Provided", "birthday"=>"2017/09/08", "email"=>"", "password"=>"[FILTERED]", "member"=>{"first_name"=>"", "last_name"=>"", "gender"=>"Not Provided", "birthday"=>"2017/09/08", "email"=>""}}
  [1m[36mMember Exists (0.1ms)[0m  [1m[34mSELECT  1 AS one FROM "members" WHERE "members"."email" = ? LIMIT ?[0m  [["email", ""], ["LIMIT", 1]]
Completed 422 Unprocessable Entity in 3ms (Views: 0.2ms | ActiveRecord: 0.1ms)


Started POST "/api/v1/check_validity" for 127.0.0.1 at 2017-09-09 16:20:44 -0400
Processing by Api::V1::MembersController#check_validity as HTML
  Parameters: {"first_name"=>"", "last_name"=>"", "gender"=>"Not Provided", "birthday"=>"2017/09/09", "email"=>"", "password"=>"[FILTERED]", "member"=>{"first_name"=>"", "last_name"=>"", "gender"=>"Not Provided", "birthday"=>"2017/09/09", "email"=>""}}
  [1m[36mMember Exists (0.1ms)[0m  [1m[34mSELECT  1 AS one FROM "members" WHERE "members"."email" = ? LIMIT ?[0m  [["email", ""], ["LIMIT", 1]]
Completed 422 Unprocessable Entity in 10ms (Views: 0.3ms | ActiveRecord: 0.1ms)


Started POST "/api/v1/check_validity" for 127.0.0.1 at 2017-09-09 16:27:06 -0400
Processing by Api::V1::MembersController#check_validity as HTML
  Parameters: {"first_name"=>"", "last_name"=>"", "gender"=>"Not Provided", "birthday"=>"2017/09/09", "email"=>"", "password"=>"[FILTERED]", "member"=>{"first_name"=>"", "last_name"=>"", "gender"=>"Not Provided", "birthday"=>"2017/09/09", "email"=>""}}
  [1m[36mMember Exists (0.2ms)[0m  [1m[34mSELECT  1 AS one FROM "members" WHERE "members"."email" = ? LIMIT ?[0m  [["email", ""], ["LIMIT", 1]]
Completed 422 Unprocessable Entity in 14ms (Views: 0.3ms | ActiveRecord: 1.0ms)


Started POST "/api/v1/check_validity" for 127.0.0.1 at 2017-09-09 16:28:18 -0400
Processing by Api::V1::MembersController#check_validity as HTML
  Parameters: {"first_name"=>"", "last_name"=>"", "gender"=>"Not Provided", "birthday"=>"2017/09/09", "email"=>"", "password"=>"[FILTERED]", "member"=>{"first_name"=>"", "last_name"=>"", "gender"=>"Not Provided", "birthday"=>"2017/09/09", "email"=>""}}
  [1m[36mMember Exists (0.1ms)[0m  [1m[34mSELECT  1 AS one FROM "members" WHERE "members"."email" = ? LIMIT ?[0m  [["email", ""], ["LIMIT", 1]]
Completed 422 Unprocessable Entity in 13ms (Views: 0.2ms | ActiveRecord: 0.8ms)


Started POST "/api/v1/check_validity" for 127.0.0.1 at 2017-09-09 16:29:02 -0400
Processing by Api::V1::MembersController#check_validity as HTML
  Parameters: {"first_name"=>"", "last_name"=>"", "gender"=>"Not Provided", "birthday"=>"2017/09/09", "email"=>"", "password"=>"[FILTERED]", "member"=>{"first_name"=>"", "last_name"=>"", "gender"=>"Not Provided", "birthday"=>"2017/09/09", "email"=>""}}
  [1m[36mMember Exists (0.1ms)[0m  [1m[34mSELECT  1 AS one FROM "members" WHERE "members"."email" = ? LIMIT ?[0m  [["email", ""], ["LIMIT", 1]]
Completed 422 Unprocessable Entity in 14ms (Views: 0.2ms | ActiveRecord: 0.9ms)


Started POST "/api/v1/check_validity" for 127.0.0.1 at 2017-09-09 16:30:22 -0400
Processing by Api::V1::MembersController#check_validity as HTML
  Parameters: {"first_name"=>"", "last_name"=>"", "gender"=>"Not Provided", "birthday"=>"//", "email"=>"", "password"=>"[FILTERED]", "member"=>{"first_name"=>"", "last_name"=>"", "gender"=>"Not Provided", "birthday"=>"//", "email"=>""}}
  [1m[36mMember Exists (0.1ms)[0m  [1m[34mSELECT  1 AS one FROM "members" WHERE "members"."email" = ? LIMIT ?[0m  [["email", ""], ["LIMIT", 1]]
Completed 422 Unprocessable Entity in 19ms (Views: 0.2ms | ActiveRecord: 0.9ms)


Started POST "/api/v1/check_validity" for 127.0.0.1 at 2017-09-09 16:36:01 -0400
Processing by Api::V1::MembersController#check_validity as HTML
  Parameters: {"first_name"=>"", "last_name"=>"", "gender"=>"Not Provided", "birthday"=>"/01/", "email"=>"", "password"=>"[FILTERED]", "member"=>{"first_name"=>"", "last_name"=>"", "gender"=>"Not Provided", "birthday"=>"/01/", "email"=>""}}
  [1m[36mMember Exists (0.1ms)[0m  [1m[34mSELECT  1 AS one FROM "members" WHERE "members"."email" = ? LIMIT ?[0m  [["email", ""], ["LIMIT", 1]]
Completed 422 Unprocessable Entity in 14ms (Views: 0.2ms | ActiveRecord: 0.9ms)


Started POST "/api/v1/check_validity" for 127.0.0.1 at 2017-09-09 16:36:28 -0400
Processing by Api::V1::MembersController#check_validity as HTML
  Parameters: {"first_name"=>"", "last_name"=>"", "gender"=>"Not Provided", "birthday"=>"2017/09/12", "email"=>"", "password"=>"[FILTERED]", "member"=>{"first_name"=>"", "last_name"=>"", "gender"=>"Not Provided", "birthday"=>"2017/09/12", "email"=>""}}
  [1m[36mMember Exists (0.1ms)[0m  [1m[34mSELECT  1 AS one FROM "members" WHERE "members"."email" = ? LIMIT ?[0m  [["email", ""], ["LIMIT", 1]]
Completed 422 Unprocessable Entity in 3ms (Views: 0.2ms | ActiveRecord: 0.1ms)


Started POST "/api/v1/check_validity" for 127.0.0.1 at 2017-09-09 16:41:22 -0400
  
SyntaxError (/Users/deusman/coding/finalproject/golden-gate-server2/app/models/member.rb:17: syntax error, unexpected ',', expecting =>
a {Date.current},  :allow_nil, :before_message => "Present a
                              ^):
  
app/models/member.rb:17: syntax error, unexpected ',', expecting =>
  Rendering /Users/deusman/.rvm/gems/ruby-2.4.0/gems/actionpack-5.0.3/lib/action_dispatch/middleware/templates/rescues/diagnostics.html.erb within rescues/layout
  Rendering /Users/deusman/.rvm/gems/ruby-2.4.0/gems/actionpack-5.0.3/lib/action_dispatch/middleware/templates/rescues/_source.html.erb
  Rendered /Users/deusman/.rvm/gems/ruby-2.4.0/gems/actionpack-5.0.3/lib/action_dispatch/middleware/templates/rescues/_source.html.erb (5.0ms)
  Rendering /Users/deusman/.rvm/gems/ruby-2.4.0/gems/actionpack-5.0.3/lib/action_dispatch/middleware/templates/rescues/_trace.html.erb
  Rendered /Users/deusman/.rvm/gems/ruby-2.4.0/gems/actionpack-5.0.3/lib/action_dispatch/middleware/templates/rescues/_trace.html.erb (2.3ms)
  Rendering /Users/deusman/.rvm/gems/ruby-2.4.0/gems/actionpack-5.0.3/lib/action_dispatch/middleware/templates/rescues/_request_and_response.html.erb
  Rendered /Users/deusman/.rvm/gems/ruby-2.4.0/gems/actionpack-5.0.3/lib/action_dispatch/middleware/templates/rescues/_request_and_response.html.erb (0.8ms)
  Rendered /Users/deusman/.rvm/gems/ruby-2.4.0/gems/actionpack-5.0.3/lib/action_dispatch/middleware/templates/rescues/diagnostics.html.erb within rescues/layout (58.9ms)
Started POST "/api/v1/check_validity" for 127.0.0.1 at 2017-09-09 16:43:44 -0400
Processing by Api::V1::MembersController#check_validity as HTML
  Parameters: {"first_name"=>"", "last_name"=>"", "gender"=>"Not Provided", "birthday"=>"//", "email"=>"", "password"=>"[FILTERED]", "member"=>{"first_name"=>"", "last_name"=>"", "gender"=>"Not Provided", "birthday"=>"//", "email"=>""}}
  [1m[36mMember Exists (0.1ms)[0m  [1m[34mSELECT  1 AS one FROM "members" WHERE "members"."email" = ? LIMIT ?[0m  [["email", ""], ["LIMIT", 1]]
Completed 422 Unprocessable Entity in 16ms (Views: 0.3ms | ActiveRecord: 0.9ms)


Started POST "/api/v1/check_validity" for 127.0.0.1 at 2017-09-09 16:45:10 -0400
Processing by Api::V1::MembersController#check_validity as HTML
  Parameters: {"first_name"=>"", "last_name"=>"", "gender"=>"Not Provided", "birthday"=>"//", "email"=>"", "password"=>"[FILTERED]", "member"=>{"first_name"=>"", "last_name"=>"", "gender"=>"Not Provided", "birthday"=>"//", "email"=>""}}
  [1m[36mMember Exists (0.1ms)[0m  [1m[34mSELECT  1 AS one FROM "members" WHERE "members"."email" = ? LIMIT ?[0m  [["email", ""], ["LIMIT", 1]]
Completed 422 Unprocessable Entity in 15ms (Views: 0.4ms | ActiveRecord: 0.9ms)


Started POST "/api/v1/check_validity" for 127.0.0.1 at 2017-09-09 16:45:36 -0400
Processing by Api::V1::MembersController#check_validity as HTML
  Parameters: {"first_name"=>"", "last_name"=>"", "gender"=>"Not Provided", "birthday"=>"2017/09/10", "email"=>"", "password"=>"[FILTERED]", "member"=>{"first_name"=>"", "last_name"=>"", "gender"=>"Not Provided", "birthday"=>"2017/09/10", "email"=>""}}
  [1m[36mMember Exists (0.1ms)[0m  [1m[34mSELECT  1 AS one FROM "members" WHERE "members"."email" = ? LIMIT ?[0m  [["email", ""], ["LIMIT", 1]]
Completed 422 Unprocessable Entity in 3ms (Views: 0.2ms | ActiveRecord: 0.1ms)


Started POST "/api/v1/check_validity" for 127.0.0.1 at 2017-09-09 16:45:50 -0400
Processing by Api::V1::MembersController#check_validity as HTML
  Parameters: {"first_name"=>"", "last_name"=>"", "gender"=>"Not Provided", "birthday"=>"2017/09/10", "email"=>"", "password"=>"[FILTERED]", "member"=>{"first_name"=>"", "last_name"=>"", "gender"=>"Not Provided", "birthday"=>"2017/09/10", "email"=>""}}
  [1m[36mMember Exists (0.1ms)[0m  [1m[34mSELECT  1 AS one FROM "members" WHERE "members"."email" = ? LIMIT ?[0m  [["email", ""], ["LIMIT", 1]]
Completed 422 Unprocessable Entity in 3ms (Views: 0.2ms | ActiveRecord: 0.1ms)


Started POST "/api/v1/check_validity" for 127.0.0.1 at 2017-09-09 16:46:28 -0400
Processing by Api::V1::MembersController#check_validity as HTML
  Parameters: {"first_name"=>"usman", "last_name"=>"pervaiz", "gender"=>"Male", "birthday"=>"1980/05/11", "email"=>"de.usman@yahoo.com", "password"=>"[FILTERED]", "member"=>{"first_name"=>"usman", "last_name"=>"pervaiz", "gender"=>"Male", "birthday"=>"1980/05/11", "email"=>"de.usman@yahoo.com"}}
  [1m[36mMember Exists (0.1ms)[0m  [1m[34mSELECT  1 AS one FROM "members" WHERE "members"."email" = ? LIMIT ?[0m  [["email", "de.usman@yahoo.com"], ["LIMIT", 1]]
Completed 422 Unprocessable Entity in 2ms (Views: 0.2ms | ActiveRecord: 0.1ms)


Started POST "/api/v1/check_validity" for 127.0.0.1 at 2017-09-09 16:47:03 -0400
Processing by Api::V1::MembersController#check_validity as HTML
  Parameters: {"first_name"=>"usman", "last_name"=>"pervaiz", "gender"=>"Male", "birthday"=>"1980/05/11", "email"=>"de.usman@yahoo.com", "password"=>"[FILTERED]", "member"=>{"first_name"=>"usman", "last_name"=>"pervaiz", "gender"=>"Male", "birthday"=>"1980/05/11", "email"=>"de.usman@yahoo.com"}}
Started POST "/api/v1/check_validity" for 127.0.0.1 at 2017-09-09 17:01:27 -0400
  [1m[36mActiveRecord::SchemaMigration Load (0.1ms)[0m  [1m[34mSELECT "schema_migrations".* FROM "schema_migrations"[0m
Processing by Api::V1::MembersController#check_validity as HTML
  Parameters: {"first_name"=>"usman", "last_name"=>"pervaiz", "gender"=>"Male", "birthday"=>"1980/05/11", "email"=>"de.usman@yahoo.com", "password"=>"[FILTERED]", "member"=>{"first_name"=>"usman", "last_name"=>"pervaiz", "gender"=>"Male", "birthday"=>"1980/05/11", "email"=>"de.usman@yahoo.com"}}
  [1m[36mMember Exists (0.1ms)[0m  [1m[34mSELECT  1 AS one FROM "members" WHERE "members"."email" = ? LIMIT ?[0m  [["email", "de.usman@yahoo.com"], ["LIMIT", 1]]
  [1m[36mSecurityQuestion Load (0.1ms)[0m  [1m[34mSELECT "security_questions".* FROM "security_questions"[0m
Completed 200 OK in 154ms (Views: 0.2ms | ActiveRecord: 0.8ms)


Started POST "/api/v1/check_validity" for 127.0.0.1 at 2017-09-09 17:03:48 -0400
Processing by Api::V1::MembersController#check_validity as HTML
  Parameters: {"first_name"=>"usman", "last_name"=>"pervaiz", "gender"=>"Male", "birthday"=>"1980/05/11", "email"=>"de.usman@yahoo.com", "password"=>"[FILTERED]", "member"=>{"first_name"=>"usman", "last_name"=>"pervaiz", "gender"=>"Male", "birthday"=>"1980/05/11", "email"=>"de.usman@yahoo.com"}}
  [1m[36mMember Exists (0.1ms)[0m  [1m[34mSELECT  1 AS one FROM "members" WHERE "members"."email" = ? LIMIT ?[0m  [["email", "de.usman@yahoo.com"], ["LIMIT", 1]]
  [1m[36mSecurityQuestion Load (0.1ms)[0m  [1m[34mSELECT "security_questions".* FROM "security_questions"[0m
  [1m[36mCACHE (0.0ms)[0m  [1m[34mSELECT "security_questions".* FROM "security_questions"[0m
  [1m[36mMember Load (0.2ms)[0m  [1m[34mSELECT "members".* FROM "members"[0m
